app/build/intermediates/manifest_merge_blame_file/debug/manifest-merger-blame-debug-report.txt
1<?xml version="1.0" encoding="utf-8"?>
2<manifest xmlns:android="http://schemas.android.com/apk/res/android"
3    package="com.example.memorygame"
4    android:versionCode="1"
5    android:versionName="1.0" >
6
7    <uses-sdk
8        android:minSdkVersion="16"
9        android:targetSdkVersion="34" />
10
11    <uses-permission android:name="android.permission.INTERNET" />
<<<<<<< HEAD
11-->src/main/AndroidManifest.xml:4:5-67
11-->src/main/AndroidManifest.xml:4:22-64
12
13    <permission
13-->[androidx.core:core:1.9.0] AndroidManifest.xml:22:5-24:47
14        android:name="com.example.memorygame.DYNAMIC_RECEIVER_NOT_EXPORTED_PERMISSION"
14-->[androidx.core:core:1.9.0] AndroidManifest.xml:23:9-81
15        android:protectionLevel="signature" />
15-->[androidx.core:core:1.9.0] AndroidManifest.xml:24:9-44
16
17    <uses-permission android:name="com.example.memorygame.DYNAMIC_RECEIVER_NOT_EXPORTED_PERMISSION" />
17-->[androidx.core:core:1.9.0] AndroidManifest.xml:26:5-97
17-->[androidx.core:core:1.9.0] AndroidManifest.xml:26:22-94
18
19    <application
19-->src/main/AndroidManifest.xml:5:5-33:19
20        android:allowBackup="true"
20-->src/main/AndroidManifest.xml:6:9-35
21        android:appComponentFactory="androidx.core.app.CoreComponentFactory"
21-->[androidx.core:core:1.9.0] AndroidManifest.xml:28:18-86
22        android:dataExtractionRules="@xml/data_extraction_rules"
22-->src/main/AndroidManifest.xml:7:9-65
23        android:debuggable="true"
24        android:extractNativeLibs="true"
25        android:fullBackupContent="@xml/backup_rules"
25-->src/main/AndroidManifest.xml:8:9-54
26        android:icon="@mipmap/ic_launcher"
26-->src/main/AndroidManifest.xml:9:9-43
27        android:label="@string/app_name"
27-->src/main/AndroidManifest.xml:10:9-41
28        android:roundIcon="@mipmap/ic_launcher_round"
28-->src/main/AndroidManifest.xml:11:9-54
29        android:supportsRtl="true"
29-->src/main/AndroidManifest.xml:12:9-35
30        android:testOnly="true"
31        android:theme="@style/Theme.Memorygame" >
31-->src/main/AndroidManifest.xml:13:9-48
32        <activity
32-->src/main/AndroidManifest.xml:15:9-18:43
33            android:name="com.example.memorygame.activity.SignUpActivity"
33-->src/main/AndroidManifest.xml:16:13-52
34            android:exported="false" />
34-->src/main/AndroidManifest.xml:17:13-37
35        <activity
35-->src/main/AndroidManifest.xml:19:9-28:20
36            android:name="com.example.memorygame.activity.LoginActivity"
36-->src/main/AndroidManifest.xml:20:13-51
37            android:exported="true" >
37-->src/main/AndroidManifest.xml:21:13-36
38            <intent-filter>
38-->src/main/AndroidManifest.xml:23:13-27:29
39                <action android:name="android.intent.action.MAIN" />
39-->src/main/AndroidManifest.xml:24:17-69
39-->src/main/AndroidManifest.xml:24:25-66
40
41                <category android:name="android.intent.category.LAUNCHER" />
41-->src/main/AndroidManifest.xml:26:17-77
41-->src/main/AndroidManifest.xml:26:27-74
42            </intent-filter>
43        </activity>
44        <activity android:name="com.example.memorygame.activity.AnimatorActivity" />
44-->src/main/AndroidManifest.xml:29:9-63
44-->src/main/AndroidManifest.xml:29:19-60
45
46        <meta-data
46-->src/main/AndroidManifest.xml:30:9-32:57
47            android:name="preloaded_fonts"
47-->src/main/AndroidManifest.xml:31:13-43
48            android:resource="@array/preloaded_fonts" />
48-->src/main/AndroidManifest.xml:32:13-54
49
50        <provider
50-->[androidx.emoji2:emoji2:1.2.0] AndroidManifest.xml:24:9-32:20
51            android:name="androidx.startup.InitializationProvider"
51-->[androidx.emoji2:emoji2:1.2.0] AndroidManifest.xml:25:13-67
52            android:authorities="com.example.memorygame.androidx-startup"
52-->[androidx.emoji2:emoji2:1.2.0] AndroidManifest.xml:26:13-68
53            android:exported="false" >
53-->[androidx.emoji2:emoji2:1.2.0] AndroidManifest.xml:27:13-37
54            <meta-data
54-->[androidx.emoji2:emoji2:1.2.0] AndroidManifest.xml:29:13-31:52
55                android:name="androidx.emoji2.text.EmojiCompatInitializer"
55-->[androidx.emoji2:emoji2:1.2.0] AndroidManifest.xml:30:17-75
56                android:value="androidx.startup" />
56-->[androidx.emoji2:emoji2:1.2.0] AndroidManifest.xml:31:17-49
57            <meta-data
57-->[androidx.lifecycle:lifecycle-process:2.6.1] AndroidManifest.xml:29:13-31:52
58                android:name="androidx.lifecycle.ProcessLifecycleInitializer"
58-->[androidx.lifecycle:lifecycle-process:2.6.1] AndroidManifest.xml:30:17-78
59                android:value="androidx.startup" />
59-->[androidx.lifecycle:lifecycle-process:2.6.1] AndroidManifest.xml:31:17-49
60            <meta-data
60-->[androidx.profileinstaller:profileinstaller:1.3.0] AndroidManifest.xml:29:13-31:52
61                android:name="androidx.profileinstaller.ProfileInstallerInitializer"
61-->[androidx.profileinstaller:profileinstaller:1.3.0] AndroidManifest.xml:30:17-85
62                android:value="androidx.startup" />
62-->[androidx.profileinstaller:profileinstaller:1.3.0] AndroidManifest.xml:31:17-49
63        </provider>
64
65        <receiver
65-->[androidx.profileinstaller:profileinstaller:1.3.0] AndroidManifest.xml:34:9-52:20
66            android:name="androidx.profileinstaller.ProfileInstallReceiver"
66-->[androidx.profileinstaller:profileinstaller:1.3.0] AndroidManifest.xml:35:13-76
67            android:directBootAware="false"
67-->[androidx.profileinstaller:profileinstaller:1.3.0] AndroidManifest.xml:36:13-44
68            android:enabled="true"
68-->[androidx.profileinstaller:profileinstaller:1.3.0] AndroidManifest.xml:37:13-35
69            android:exported="true"
69-->[androidx.profileinstaller:profileinstaller:1.3.0] AndroidManifest.xml:38:13-36
70            android:permission="android.permission.DUMP" >
70-->[androidx.profileinstaller:profileinstaller:1.3.0] AndroidManifest.xml:39:13-57
71            <intent-filter>
71-->[androidx.profileinstaller:profileinstaller:1.3.0] AndroidManifest.xml:40:13-42:29
72                <action android:name="androidx.profileinstaller.action.INSTALL_PROFILE" />
72-->[androidx.profileinstaller:profileinstaller:1.3.0] AndroidManifest.xml:41:17-91
72-->[androidx.profileinstaller:profileinstaller:1.3.0] AndroidManifest.xml:41:25-88
73            </intent-filter>
74            <intent-filter>
74-->[androidx.profileinstaller:profileinstaller:1.3.0] AndroidManifest.xml:43:13-45:29
75                <action android:name="androidx.profileinstaller.action.SKIP_FILE" />
75-->[androidx.profileinstaller:profileinstaller:1.3.0] AndroidManifest.xml:44:17-85
75-->[androidx.profileinstaller:profileinstaller:1.3.0] AndroidManifest.xml:44:25-82
76            </intent-filter>
77            <intent-filter>
77-->[androidx.profileinstaller:profileinstaller:1.3.0] AndroidManifest.xml:46:13-48:29
78                <action android:name="androidx.profileinstaller.action.SAVE_PROFILE" />
78-->[androidx.profileinstaller:profileinstaller:1.3.0] AndroidManifest.xml:47:17-88
78-->[androidx.profileinstaller:profileinstaller:1.3.0] AndroidManifest.xml:47:25-85
79            </intent-filter>
80            <intent-filter>
80-->[androidx.profileinstaller:profileinstaller:1.3.0] AndroidManifest.xml:49:13-51:29
81                <action android:name="androidx.profileinstaller.action.BENCHMARK_OPERATION" />
81-->[androidx.profileinstaller:profileinstaller:1.3.0] AndroidManifest.xml:50:17-95
81-->[androidx.profileinstaller:profileinstaller:1.3.0] AndroidManifest.xml:50:25-92
82            </intent-filter>
83        </receiver>
84    </application>
85
86</manifest>
=======
11-->[com.google.firebase:firebase-auth:22.2.0] AndroidManifest.xml:25:5-67
11-->[com.google.firebase:firebase-auth:22.2.0] AndroidManifest.xml:25:22-64
12    <uses-permission android:name="android.permission.ACCESS_NETWORK_STATE" />
12-->[com.google.firebase:firebase-auth:22.2.0] AndroidManifest.xml:26:5-79
12-->[com.google.firebase:firebase-auth:22.2.0] AndroidManifest.xml:26:22-76
13
14    <permission
14-->[androidx.core:core:1.9.0] AndroidManifest.xml:22:5-24:47
15        android:name="com.example.memorygame.DYNAMIC_RECEIVER_NOT_EXPORTED_PERMISSION"
15-->[androidx.core:core:1.9.0] AndroidManifest.xml:23:9-81
16        android:protectionLevel="signature" />
16-->[androidx.core:core:1.9.0] AndroidManifest.xml:24:9-44
17
18    <uses-permission android:name="com.example.memorygame.DYNAMIC_RECEIVER_NOT_EXPORTED_PERMISSION" />
18-->[androidx.core:core:1.9.0] AndroidManifest.xml:26:5-97
18-->[androidx.core:core:1.9.0] AndroidManifest.xml:26:22-94
19
20    <application
20-->src/main/AndroidManifest.xml:5:5-33:19
21        android:allowBackup="true"
21-->src/main/AndroidManifest.xml:6:9-35
22        android:appComponentFactory="androidx.core.app.CoreComponentFactory"
22-->[androidx.core:core:1.9.0] AndroidManifest.xml:28:18-86
23        android:dataExtractionRules="@xml/data_extraction_rules"
23-->src/main/AndroidManifest.xml:7:9-65
24        android:debuggable="true"
25        android:extractNativeLibs="true"
26        android:fullBackupContent="@xml/backup_rules"
26-->src/main/AndroidManifest.xml:8:9-54
27        android:icon="@mipmap/ic_launcher"
27-->src/main/AndroidManifest.xml:9:9-43
28        android:label="@string/app_name"
28-->src/main/AndroidManifest.xml:10:9-41
29        android:roundIcon="@mipmap/ic_launcher_round"
29-->src/main/AndroidManifest.xml:11:9-54
30        android:supportsRtl="true"
30-->src/main/AndroidManifest.xml:12:9-35
31        android:testOnly="true"
32        android:theme="@style/Theme.Memorygame" >
32-->src/main/AndroidManifest.xml:13:9-48
33        <activity
33-->src/main/AndroidManifest.xml:15:9-18:43
34            android:name="com.example.memorygame.activity.SignUpActivity"
34-->src/main/AndroidManifest.xml:16:13-52
35            android:exported="false" />
35-->src/main/AndroidManifest.xml:17:13-37
36        <activity
36-->src/main/AndroidManifest.xml:19:9-28:20
37            android:name="com.example.memorygame.activity.LoginActivity"
37-->src/main/AndroidManifest.xml:20:13-51
38            android:exported="true" >
38-->src/main/AndroidManifest.xml:21:13-36
39            <intent-filter>
39-->src/main/AndroidManifest.xml:23:13-27:29
40                <action android:name="android.intent.action.MAIN" />
40-->src/main/AndroidManifest.xml:24:17-69
40-->src/main/AndroidManifest.xml:24:25-66
41
42                <category android:name="android.intent.category.LAUNCHER" />
42-->src/main/AndroidManifest.xml:26:17-77
42-->src/main/AndroidManifest.xml:26:27-74
43            </intent-filter>
44        </activity>
45        <activity android:name="com.example.memorygame.activity.AnimatorActivity" />
45-->src/main/AndroidManifest.xml:29:9-63
45-->src/main/AndroidManifest.xml:29:19-60
46
47        <meta-data
47-->src/main/AndroidManifest.xml:30:9-32:57
48            android:name="preloaded_fonts"
48-->src/main/AndroidManifest.xml:31:13-43
49            android:resource="@array/preloaded_fonts" />
49-->src/main/AndroidManifest.xml:32:13-54
50
51        <service
51-->[com.google.firebase:firebase-auth-ktx:22.2.0] AndroidManifest.xml:8:9-14:19
52            android:name="com.google.firebase.components.ComponentDiscoveryService"
52-->[com.google.firebase:firebase-auth-ktx:22.2.0] AndroidManifest.xml:9:13-84
53            android:directBootAware="true"
53-->[com.google.firebase:firebase-common:20.4.2] AndroidManifest.xml:32:13-43
54            android:exported="false" >
54-->[com.google.firebase:firebase-auth-ktx:22.2.0] AndroidManifest.xml:10:13-37
55            <meta-data
55-->[com.google.firebase:firebase-auth-ktx:22.2.0] AndroidManifest.xml:11:13-13:85
56                android:name="com.google.firebase.components:com.google.firebase.auth.ktx.FirebaseAuthLegacyRegistrar"
56-->[com.google.firebase:firebase-auth-ktx:22.2.0] AndroidManifest.xml:12:17-119
57                android:value="com.google.firebase.components.ComponentRegistrar" />
57-->[com.google.firebase:firebase-auth-ktx:22.2.0] AndroidManifest.xml:13:17-82
58            <meta-data
58-->[com.google.firebase:firebase-auth:22.2.0] AndroidManifest.xml:69:13-71:85
59                android:name="com.google.firebase.components:com.google.firebase.auth.FirebaseAuthRegistrar"
59-->[com.google.firebase:firebase-auth:22.2.0] AndroidManifest.xml:70:17-109
60                android:value="com.google.firebase.components.ComponentRegistrar" />
60-->[com.google.firebase:firebase-auth:22.2.0] AndroidManifest.xml:71:17-82
61            <meta-data
61-->[com.google.firebase:firebase-common-ktx:20.4.2] AndroidManifest.xml:12:13-14:85
62                android:name="com.google.firebase.components:com.google.firebase.ktx.FirebaseCommonLegacyRegistrar"
62-->[com.google.firebase:firebase-common-ktx:20.4.2] AndroidManifest.xml:13:17-116
63                android:value="com.google.firebase.components.ComponentRegistrar" />
63-->[com.google.firebase:firebase-common-ktx:20.4.2] AndroidManifest.xml:14:17-82
64            <meta-data
64-->[com.google.firebase:firebase-common:20.4.2] AndroidManifest.xml:35:13-37:85
65                android:name="com.google.firebase.components:com.google.firebase.FirebaseCommonKtxRegistrar"
65-->[com.google.firebase:firebase-common:20.4.2] AndroidManifest.xml:36:17-109
66                android:value="com.google.firebase.components.ComponentRegistrar" />
66-->[com.google.firebase:firebase-common:20.4.2] AndroidManifest.xml:37:17-82
67        </service>
68
69        <activity
69-->[com.google.firebase:firebase-auth:22.2.0] AndroidManifest.xml:29:9-46:20
70            android:name="com.google.firebase.auth.internal.GenericIdpActivity"
70-->[com.google.firebase:firebase-auth:22.2.0] AndroidManifest.xml:30:13-80
71            android:excludeFromRecents="true"
71-->[com.google.firebase:firebase-auth:22.2.0] AndroidManifest.xml:31:13-46
72            android:exported="true"
72-->[com.google.firebase:firebase-auth:22.2.0] AndroidManifest.xml:32:13-36
73            android:launchMode="singleTask"
73-->[com.google.firebase:firebase-auth:22.2.0] AndroidManifest.xml:33:13-44
74            android:theme="@android:style/Theme.Translucent.NoTitleBar" >
74-->[com.google.firebase:firebase-auth:22.2.0] AndroidManifest.xml:34:13-72
75            <intent-filter>
75-->[com.google.firebase:firebase-auth:22.2.0] AndroidManifest.xml:35:13-45:29
76                <action android:name="android.intent.action.VIEW" />
76-->[com.google.firebase:firebase-auth:22.2.0] AndroidManifest.xml:36:17-69
76-->[com.google.firebase:firebase-auth:22.2.0] AndroidManifest.xml:36:25-66
77
78                <category android:name="android.intent.category.DEFAULT" />
78-->[com.google.firebase:firebase-auth:22.2.0] AndroidManifest.xml:38:17-76
78-->[com.google.firebase:firebase-auth:22.2.0] AndroidManifest.xml:38:27-73
79                <category android:name="android.intent.category.BROWSABLE" />
79-->[com.google.firebase:firebase-auth:22.2.0] AndroidManifest.xml:39:17-78
79-->[com.google.firebase:firebase-auth:22.2.0] AndroidManifest.xml:39:27-75
80
81                <data
81-->[com.google.firebase:firebase-auth:22.2.0] AndroidManifest.xml:41:17-44:51
82                    android:host="firebase.auth"
82-->[com.google.firebase:firebase-auth:22.2.0] AndroidManifest.xml:42:21-49
83                    android:path="/"
83-->[com.google.firebase:firebase-auth:22.2.0] AndroidManifest.xml:43:21-37
84                    android:scheme="genericidp" />
84-->[com.google.firebase:firebase-auth:22.2.0] AndroidManifest.xml:44:21-48
85            </intent-filter>
86        </activity>
87        <activity
87-->[com.google.firebase:firebase-auth:22.2.0] AndroidManifest.xml:47:9-64:20
88            android:name="com.google.firebase.auth.internal.RecaptchaActivity"
88-->[com.google.firebase:firebase-auth:22.2.0] AndroidManifest.xml:48:13-79
89            android:excludeFromRecents="true"
89-->[com.google.firebase:firebase-auth:22.2.0] AndroidManifest.xml:49:13-46
90            android:exported="true"
90-->[com.google.firebase:firebase-auth:22.2.0] AndroidManifest.xml:50:13-36
91            android:launchMode="singleTask"
91-->[com.google.firebase:firebase-auth:22.2.0] AndroidManifest.xml:51:13-44
92            android:theme="@android:style/Theme.Translucent.NoTitleBar" >
92-->[com.google.firebase:firebase-auth:22.2.0] AndroidManifest.xml:52:13-72
93            <intent-filter>
93-->[com.google.firebase:firebase-auth:22.2.0] AndroidManifest.xml:53:13-63:29
94                <action android:name="android.intent.action.VIEW" />
94-->[com.google.firebase:firebase-auth:22.2.0] AndroidManifest.xml:36:17-69
94-->[com.google.firebase:firebase-auth:22.2.0] AndroidManifest.xml:36:25-66
95
96                <category android:name="android.intent.category.DEFAULT" />
96-->[com.google.firebase:firebase-auth:22.2.0] AndroidManifest.xml:38:17-76
96-->[com.google.firebase:firebase-auth:22.2.0] AndroidManifest.xml:38:27-73
97                <category android:name="android.intent.category.BROWSABLE" />
97-->[com.google.firebase:firebase-auth:22.2.0] AndroidManifest.xml:39:17-78
97-->[com.google.firebase:firebase-auth:22.2.0] AndroidManifest.xml:39:27-75
98
99                <data
99-->[com.google.firebase:firebase-auth:22.2.0] AndroidManifest.xml:41:17-44:51
100                    android:host="firebase.auth"
100-->[com.google.firebase:firebase-auth:22.2.0] AndroidManifest.xml:42:21-49
101                    android:path="/"
101-->[com.google.firebase:firebase-auth:22.2.0] AndroidManifest.xml:43:21-37
102                    android:scheme="recaptcha" />
102-->[com.google.firebase:firebase-auth:22.2.0] AndroidManifest.xml:44:21-48
103            </intent-filter>
104        </activity>
105
106        <provider
106-->[com.google.firebase:firebase-common:20.4.2] AndroidManifest.xml:23:9-28:39
107            android:name="com.google.firebase.provider.FirebaseInitProvider"
107-->[com.google.firebase:firebase-common:20.4.2] AndroidManifest.xml:24:13-77
108            android:authorities="com.example.memorygame.firebaseinitprovider"
108-->[com.google.firebase:firebase-common:20.4.2] AndroidManifest.xml:25:13-72
109            android:directBootAware="true"
109-->[com.google.firebase:firebase-common:20.4.2] AndroidManifest.xml:26:13-43
110            android:exported="false"
110-->[com.google.firebase:firebase-common:20.4.2] AndroidManifest.xml:27:13-37
111            android:initOrder="100" />
111-->[com.google.firebase:firebase-common:20.4.2] AndroidManifest.xml:28:13-36
112
113        <activity
113-->[com.google.android.gms:play-services-base:18.0.1] AndroidManifest.xml:20:9-22:45
114            android:name="com.google.android.gms.common.api.GoogleApiActivity"
114-->[com.google.android.gms:play-services-base:18.0.1] AndroidManifest.xml:20:19-85
115            android:exported="false"
115-->[com.google.android.gms:play-services-base:18.0.1] AndroidManifest.xml:22:19-43
116            android:theme="@android:style/Theme.Translucent.NoTitleBar" />
116-->[com.google.android.gms:play-services-base:18.0.1] AndroidManifest.xml:21:19-78
117
118        <meta-data
118-->[com.google.android.gms:play-services-basement:18.1.0] AndroidManifest.xml:21:9-23:69
119            android:name="com.google.android.gms.version"
119-->[com.google.android.gms:play-services-basement:18.1.0] AndroidManifest.xml:22:13-58
120            android:value="@integer/google_play_services_version" />
120-->[com.google.android.gms:play-services-basement:18.1.0] AndroidManifest.xml:23:13-66
121
122        <provider
122-->[androidx.emoji2:emoji2:1.2.0] AndroidManifest.xml:24:9-32:20
123            android:name="androidx.startup.InitializationProvider"
123-->[androidx.emoji2:emoji2:1.2.0] AndroidManifest.xml:25:13-67
124            android:authorities="com.example.memorygame.androidx-startup"
124-->[androidx.emoji2:emoji2:1.2.0] AndroidManifest.xml:26:13-68
125            android:exported="false" >
125-->[androidx.emoji2:emoji2:1.2.0] AndroidManifest.xml:27:13-37
126            <meta-data
126-->[androidx.emoji2:emoji2:1.2.0] AndroidManifest.xml:29:13-31:52
127                android:name="androidx.emoji2.text.EmojiCompatInitializer"
127-->[androidx.emoji2:emoji2:1.2.0] AndroidManifest.xml:30:17-75
128                android:value="androidx.startup" />
128-->[androidx.emoji2:emoji2:1.2.0] AndroidManifest.xml:31:17-49
129            <meta-data
129-->[androidx.lifecycle:lifecycle-process:2.6.1] AndroidManifest.xml:29:13-31:52
130                android:name="androidx.lifecycle.ProcessLifecycleInitializer"
130-->[androidx.lifecycle:lifecycle-process:2.6.1] AndroidManifest.xml:30:17-78
131                android:value="androidx.startup" />
131-->[androidx.lifecycle:lifecycle-process:2.6.1] AndroidManifest.xml:31:17-49
132            <meta-data
132-->[androidx.profileinstaller:profileinstaller:1.3.0] AndroidManifest.xml:29:13-31:52
133                android:name="androidx.profileinstaller.ProfileInstallerInitializer"
133-->[androidx.profileinstaller:profileinstaller:1.3.0] AndroidManifest.xml:30:17-85
134                android:value="androidx.startup" />
134-->[androidx.profileinstaller:profileinstaller:1.3.0] AndroidManifest.xml:31:17-49
135        </provider>
136
137        <receiver
137-->[androidx.profileinstaller:profileinstaller:1.3.0] AndroidManifest.xml:34:9-52:20
138            android:name="androidx.profileinstaller.ProfileInstallReceiver"
138-->[androidx.profileinstaller:profileinstaller:1.3.0] AndroidManifest.xml:35:13-76
139            android:directBootAware="false"
139-->[androidx.profileinstaller:profileinstaller:1.3.0] AndroidManifest.xml:36:13-44
140            android:enabled="true"
140-->[androidx.profileinstaller:profileinstaller:1.3.0] AndroidManifest.xml:37:13-35
141            android:exported="true"
141-->[androidx.profileinstaller:profileinstaller:1.3.0] AndroidManifest.xml:38:13-36
142            android:permission="android.permission.DUMP" >
142-->[androidx.profileinstaller:profileinstaller:1.3.0] AndroidManifest.xml:39:13-57
143            <intent-filter>
143-->[androidx.profileinstaller:profileinstaller:1.3.0] AndroidManifest.xml:40:13-42:29
144                <action android:name="androidx.profileinstaller.action.INSTALL_PROFILE" />
144-->[androidx.profileinstaller:profileinstaller:1.3.0] AndroidManifest.xml:41:17-91
144-->[androidx.profileinstaller:profileinstaller:1.3.0] AndroidManifest.xml:41:25-88
145            </intent-filter>
146            <intent-filter>
146-->[androidx.profileinstaller:profileinstaller:1.3.0] AndroidManifest.xml:43:13-45:29
147                <action android:name="androidx.profileinstaller.action.SKIP_FILE" />
147-->[androidx.profileinstaller:profileinstaller:1.3.0] AndroidManifest.xml:44:17-85
147-->[androidx.profileinstaller:profileinstaller:1.3.0] AndroidManifest.xml:44:25-82
148            </intent-filter>
149            <intent-filter>
149-->[androidx.profileinstaller:profileinstaller:1.3.0] AndroidManifest.xml:46:13-48:29
150                <action android:name="androidx.profileinstaller.action.SAVE_PROFILE" />
150-->[androidx.profileinstaller:profileinstaller:1.3.0] AndroidManifest.xml:47:17-88
150-->[androidx.profileinstaller:profileinstaller:1.3.0] AndroidManifest.xml:47:25-85
151            </intent-filter>
152            <intent-filter>
152-->[androidx.profileinstaller:profileinstaller:1.3.0] AndroidManifest.xml:49:13-51:29
153                <action android:name="androidx.profileinstaller.action.BENCHMARK_OPERATION" />
153-->[androidx.profileinstaller:profileinstaller:1.3.0] AndroidManifest.xml:50:17-95
153-->[androidx.profileinstaller:profileinstaller:1.3.0] AndroidManifest.xml:50:25-92
154            </intent-filter>
155        </receiver>
156    </application>
157
158</manifest>
>>>>>>> main